2025-07-29 20:27:16,793 - INFO - Headless...
2025-07-29 20:27:16,793 - INFO - Staring Browser Session...
2025-07-29 20:27:22,374 - INFO - Browser Launch Successfully.
2025-07-29 20:27:31,084 - INFO - URL Open Successfully.
2025-07-29 20:27:31,217 - INFO - Click on JS Normal Alert
2025-07-29 20:27:31,222 - INFO - I am a JS Alert
2025-07-29 20:27:31,245 - INFO - Alert Accept.
2025-07-29 20:27:31,245 - INFO - Script Complete.
2025-07-29 20:27:34,625 - INFO - End Browser Session...
2025-07-29 20:34:40,883 - INFO - Headless...
2025-07-29 20:34:40,883 - INFO - Staring Browser Session...
2025-07-29 20:34:47,160 - INFO - Browser Launch Successfully.
2025-07-29 20:34:59,122 - INFO - URL Open Successfully.
2025-07-29 20:34:59,231 - INFO - Click on JS Normal Alert
2025-07-29 20:34:59,241 - INFO - I am a JS Alert
2025-07-29 20:34:59,281 - INFO - Alert Accept.
2025-07-29 20:34:59,282 - INFO - Script Complete.
2025-07-29 20:35:02,655 - INFO - End Browser Session...
2025-07-29 20:37:48,444 - INFO - Headed...
2025-07-29 20:37:48,445 - INFO - Browser Width Set to 700px
2025-07-29 20:37:48,445 - INFO - Browser Height Set to 600px
2025-07-29 20:37:48,445 - INFO - Staring Browser Session...
2025-07-29 20:37:54,955 - INFO - Browser Launch Successfully.
2025-07-29 20:38:05,482 - INFO - URL Open Successfully.
2025-07-29 20:38:06,069 - INFO - Click on JS Normal Alert
2025-07-29 20:38:06,073 - INFO - I am a JS Alert
2025-07-29 20:38:06,107 - INFO - Alert Accept.
2025-07-29 20:38:06,109 - INFO - Script Complete.
2025-07-29 20:38:09,006 - INFO - End Browser Session...
2025-07-29 20:38:23,357 - INFO - Headed...
2025-07-29 20:38:23,357 - INFO - Browser Width Set to 700px
2025-07-29 20:38:23,357 - INFO - Browser Height Set to 600px
2025-07-29 20:38:23,357 - INFO - Staring Browser Session...
2025-07-29 20:38:29,678 - INFO - Browser Launch Successfully.
2025-07-29 20:38:34,358 - INFO - URL Open Successfully.
2025-07-29 20:38:34,435 - INFO - Element 'JS Alert Button' not found with Explicit wait.
2025-07-29 20:38:34,435 - INFO - Script Complete.
2025-07-29 20:38:36,560 - INFO - End Browser Session...
2025-07-29 20:38:43,296 - INFO - Headed...
2025-07-29 20:38:43,296 - INFO - Browser Width Set to 700px
2025-07-29 20:38:43,296 - INFO - Browser Height Set to 600px
2025-07-29 20:38:43,296 - INFO - Staring Browser Session...
2025-07-29 20:38:49,578 - INFO - Browser Launch Successfully.
2025-07-29 20:38:53,574 - INFO - URL Open Successfully.
2025-07-29 20:38:53,687 - INFO - Click on JS Normal Alert
2025-07-29 20:38:53,691 - INFO - I am a JS Alert
2025-07-29 20:38:53,713 - INFO - Alert Accept.
2025-07-29 20:38:53,714 - INFO - Script Complete.
2025-07-29 20:38:56,576 - INFO - End Browser Session...
2025-07-29 20:44:43,940 - INFO - Headed...
2025-07-29 20:44:43,940 - INFO - Browser Width Set to 700px
2025-07-29 20:44:43,940 - INFO - Browser Height Set to 600px
2025-07-29 20:44:43,940 - INFO - Browser in Incognito
2025-07-29 20:44:43,940 - INFO - Staring Browser Session...
2025-07-29 20:44:51,520 - INFO - Browser Launch Successfully.
2025-07-29 20:45:01,402 - INFO - URL Open Successfully.
2025-07-29 20:45:01,625 - INFO - Click on JS Normal Alert
2025-07-29 20:45:01,631 - INFO - I am a JS Alert
2025-07-29 20:45:01,670 - INFO - Alert Accept.
2025-07-29 20:45:01,670 - INFO - Script Complete.
2025-07-29 20:45:04,559 - INFO - End Browser Session...
2025-07-29 20:45:55,558 - INFO - Headed...
2025-07-29 20:45:55,558 - INFO - Browser Width Set to 700px
2025-07-29 20:45:55,558 - INFO - Browser Height Set to 600px
2025-07-29 20:45:55,558 - INFO - Browser in Incognito
2025-07-29 20:45:55,558 - INFO - Staring Browser Session...
2025-07-29 20:46:01,991 - INFO - Browser Launch Successfully.
2025-07-29 20:46:06,343 - INFO - URL Open Successfully.
2025-07-29 20:46:06,485 - INFO - Click on JS Normal Alert
2025-07-29 20:46:06,493 - INFO - I am a JS Alert
2025-07-29 20:46:06,531 - INFO - Alert Accept.
2025-07-29 20:46:06,531 - INFO - Script Complete.
2025-07-29 20:46:09,399 - INFO - End Browser Session...
2025-07-29 20:58:39,770 - INFO - Headed...
2025-07-29 20:58:39,784 - INFO - Staring Browser Session...
2025-07-29 20:58:46,771 - INFO - Browser Launch Successfully.
2025-07-29 20:58:52,199 - INFO - URL Open Successfully.
2025-07-29 21:01:13,645 - INFO - Headed...
2025-07-29 21:01:13,645 - INFO - Staring Browser Session...
2025-07-29 21:01:20,001 - INFO - Browser Launch Successfully.
2025-07-29 21:01:23,132 - INFO - URL Open Successfully.
